The system is: Linux - 5.4.0-77-generic - x86_64
Compiling the C compiler identification source file "CMakeCCompilerId.c" succeeded.
Compiler: /usr/bin/cc 
Build flags: 
Id flags:  

The output was:
0


Compilation of the C compiler identification source "CMakeCCompilerId.c" produced "a.out"

The C compiler identification is GNU, found in "/home/rabbit/uu/ext/seeta/build/CMakeFiles/3.16.3/CompilerIdC/a.out"

Determining if the C compiler works passed with the following output:
Change Dir: /home/rabbit/uu/ext/seeta/build/CMakeFiles/CMakeTmp

Run Build Command(s):/usr/bin/make cmTC_e489e/fast && /usr/bin/make -f CMakeFiles/cmTC_e489e.dir/build.make CMakeFiles/cmTC_e489e.dir/build
make[1]: Entering directory '/home/rabbit/uu/ext/seeta/build/CMakeFiles/CMakeTmp'
Building C object CMakeFiles/cmTC_e489e.dir/testCCompiler.c.o
/usr/bin/cc    -o CMakeFiles/cmTC_e489e.dir/testCCompiler.c.o   -c /home/rabbit/uu/ext/seeta/build/CMakeFiles/CMakeTmp/testCCompiler.c
Linking C executable cmTC_e489e
/usr/bin/cmake -E cmake_link_script CMakeFiles/cmTC_e489e.dir/link.txt --verbose=1
/usr/bin/cc      -rdynamic CMakeFiles/cmTC_e489e.dir/testCCompiler.c.o  -o cmTC_e489e 
make[1]: Leaving directory '/home/rabbit/uu/ext/seeta/build/CMakeFiles/CMakeTmp'



Detecting C compiler ABI info compiled with the following output:
Change Dir: /home/rabbit/uu/ext/seeta/build/CMakeFiles/CMakeTmp

Run Build Command(s):/usr/bin/make cmTC_8f729/fast && /usr/bin/make -f CMakeFiles/cmTC_8f729.dir/build.make CMakeFiles/cmTC_8f729.dir/build
make[1]: Entering directory '/home/rabbit/uu/ext/seeta/build/CMakeFiles/CMakeTmp'
Building C object CMakeFiles/cmTC_8f729.dir/CMakeCCompilerABI.c.o
/usr/bin/cc   -v -o CMakeFiles/cmTC_8f729.dir/CMakeCCompilerABI.c.o   -c /usr/share/cmake-3.16/Modules/CMakeCCompilerABI.c
Using built-in specs.
COLLECT_GCC=/usr/bin/cc
OFFLOAD_TARGET_NAMES=nvptx-none:hsa
OFFLOAD_TARGET_DEFAULT=1
Target: x86_64-linux-gnu
Configured with: ../src/configure -v --with-pkgversion='Ubuntu 9.3.0-17ubuntu1~20.04' --with-bugurl=file:///usr/share/doc/gcc-9/README.Bugs --enable-languages=c,ada,c++,go,brig,d,fortran,objc,obj-c++,gm2 --prefix=/usr --with-gcc-major-version-only --program-suffix=-9 --program-prefix=x86_64-linux-gnu- --enable-shared --enable-linker-build-id --libexecdir=/usr/lib --without-included-gettext --enable-threads=posix --libdir=/usr/lib --enable-nls --enable-clocale=gnu --enable-libstdcxx-debug --enable-libstdcxx-time=yes --with-default-libstdcxx-abi=new --enable-gnu-unique-object --disable-vtable-verify --enable-plugin --enable-default-pie --with-system-zlib --with-target-system-zlib=auto --enable-objc-gc=auto --enable-multiarch --disable-werror --with-arch-32=i686 --with-abi=m64 --with-multilib-list=m32,m64,mx32 --enable-multilib --with-tune=generic --enable-offload-targets=nvptx-none=/build/gcc-9-HskZEa/gcc-9-9.3.0/debian/tmp-nvptx/usr,hsa --without-cuda-driver --enable-checking=release --build=x86_64-linux-gnu --host=x86_64-linux-gnu --target=x86_64-linux-gnu
Thread model: posix
gcc version 9.3.0 (Ubuntu 9.3.0-17ubuntu1~20.04) 
COLLECT_GCC_OPTIONS='-v' '-o' 'CMakeFiles/cmTC_8f729.dir/CMakeCCompilerABI.c.o' '-c' '-mtune=generic' '-march=x86-64'
 /usr/lib/gcc/x86_64-linux-gnu/9/cc1 -quiet -v -imultiarch x86_64-linux-gnu /usr/share/cmake-3.16/Modules/CMakeCCompilerABI.c -quiet -dumpbase CMakeCCompilerABI.c -mtune=generic -march=x86-64 -auxbase-strip CMakeFiles/cmTC_8f729.dir/CMakeCCompilerABI.c.o -version -fasynchronous-unwind-tables -fstack-protector-strong -Wformat -Wformat-security -fstack-clash-protection -fcf-protection -o /tmp/ccSAznhq.s
GNU C17 (Ubuntu 9.3.0-17ubuntu1~20.04) version 9.3.0 (x86_64-linux-gnu)
	compiled by GNU C version 9.3.0, GMP version 6.2.0, MPFR version 4.0.2, MPC version 1.1.0, isl version isl-0.22.1-GMP

GGC heuristics: --param ggc-min-expand=100 --param ggc-min-heapsize=131072
ignoring nonexistent directory "/usr/local/include/x86_64-linux-gnu"
ignoring nonexistent directory "/usr/lib/gcc/x86_64-linux-gnu/9/include-fixed"
ignoring nonexistent directory "/usr/lib/gcc/x86_64-linux-gnu/9/../../../../x86_64-linux-gnu/include"
#include "..." search starts here:
#include <...> search starts here:
 /usr/lib/gcc/x86_64-linux-gnu/9/include
 /usr/local/include
 /usr/include/x86_64-linux-gnu
 /usr/include
End of search list.
GNU C17 (Ubuntu 9.3.0-17ubuntu1~20.04) version 9.3.0 (x86_64-linux-gnu)
	compiled by GNU C version 9.3.0, GMP version 6.2.0, MPFR version 4.0.2, MPC version 1.1.0, isl version isl-0.22.1-GMP

GGC heuristics: --param ggc-min-expand=100 --param ggc-min-heapsize=131072
Compiler executable checksum: bbf13931d8de1abe14040c9909cb6969
COLLECT_GCC_OPTIONS='-v' '-o' 'CMakeFiles/cmTC_8f729.dir/CMakeCCompilerABI.c.o' '-c' '-mtune=generic' '-march=x86-64'
 as -v --64 -o CMakeFiles/cmTC_8f729.dir/CMakeCCompilerABI.c.o /tmp/ccSAznhq.s
GNU assembler version 2.34 (x86_64-linux-gnu) using BFD version (GNU Binutils for Ubuntu) 2.34
COMPILER_PATH=/usr/lib/gcc/x86_64-linux-gnu/9/:/usr/lib/gcc/x86_64-linux-gnu/9/:/usr/lib/gcc/x86_64-linux-gnu/:/usr/lib/gcc/x86_64-linux-gnu/9/:/usr/lib/gcc/x86_64-linux-gnu/
LIBRARY_PATH=/usr/lib/gcc/x86_64-linux-gnu/9/:/usr/lib/gcc/x86_64-linux-gnu/9/../../../x86_64-linux-gnu/:/usr/lib/gcc/x86_64-linux-gnu/9/../../../../lib/:/lib/x86_64-linux-gnu/:/lib/../lib/:/usr/lib/x86_64-linux-gnu/:/usr/lib/../lib/:/usr/lib/gcc/x86_64-linux-gnu/9/../../../:/lib/:/usr/lib/
COLLECT_GCC_OPTIONS='-v' '-o' 'CMakeFiles/cmTC_8f729.dir/CMakeCCompilerABI.c.o' '-c' '-mtune=generic' '-march=x86-64'
Linking C executable cmTC_8f729
/usr/bin/cmake -E cmake_link_script CMakeFiles/cmTC_8f729.dir/link.txt --verbose=1
/usr/bin/cc     -v -rdynamic CMakeFiles/cmTC_8f729.dir/CMakeCCompilerABI.c.o  -o cmTC_8f729 
Using built-in specs.
COLLECT_GCC=/usr/bin/cc
COLLECT_LTO_WRAPPER=/usr/lib/gcc/x86_64-linux-gnu/9/lto-wrapper
OFFLOAD_TARGET_NAMES=nvptx-none:hsa
OFFLOAD_TARGET_DEFAULT=1
Target: x86_64-linux-gnu
Configured with: ../src/configure -v --with-pkgversion='Ubuntu 9.3.0-17ubuntu1~20.04' --with-bugurl=file:///usr/share/doc/gcc-9/README.Bugs --enable-languages=c,ada,c++,go,brig,d,fortran,objc,obj-c++,gm2 --prefix=/usr --with-gcc-major-version-only --program-suffix=-9 --program-prefix=x86_64-linux-gnu- --enable-shared --enable-linker-build-id --libexecdir=/usr/lib --without-included-gettext --enable-threads=posix --libdir=/usr/lib --enable-nls --enable-clocale=gnu --enable-libstdcxx-debug --enable-libstdcxx-time=yes --with-default-libstdcxx-abi=new --enable-gnu-unique-object --disable-vtable-verify --enable-plugin --enable-default-pie --with-system-zlib --with-target-system-zlib=auto --enable-objc-gc=auto --enable-multiarch --disable-werror --with-arch-32=i686 --with-abi=m64 --with-multilib-list=m32,m64,mx32 --enable-multilib --with-tune=generic --enable-offload-targets=nvptx-none=/build/gcc-9-HskZEa/gcc-9-9.3.0/debian/tmp-nvptx/usr,hsa --without-cuda-driver --enable-checking=release --build=x86_64-linux-gnu --host=x86_64-linux-gnu --target=x86_64-linux-gnu
Thread model: posix
gcc version 9.3.0 (Ubuntu 9.3.0-17ubuntu1~20.04) 
COMPILER_PATH=/usr/lib/gcc/x86_64-linux-gnu/9/:/usr/lib/gcc/x86_64-linux-gnu/9/:/usr/lib/gcc/x86_64-linux-gnu/:/usr/lib/gcc/x86_64-linux-gnu/9/:/usr/lib/gcc/x86_64-linux-gnu/
LIBRARY_PATH=/usr/lib/gcc/x86_64-linux-gnu/9/:/usr/lib/gcc/x86_64-linux-gnu/9/../../../x86_64-linux-gnu/:/usr/lib/gcc/x86_64-linux-gnu/9/../../../../lib/:/lib/x86_64-linux-gnu/:/lib/../lib/:/usr/lib/x86_64-linux-gnu/:/usr/lib/../lib/:/usr/lib/gcc/x86_64-linux-gnu/9/../../../:/lib/:/usr/lib/
COLLECT_GCC_OPTIONS='-v' '-rdynamic' '-o' 'cmTC_8f729' '-mtune=generic' '-march=x86-64'
 /usr/lib/gcc/x86_64-linux-gnu/9/collect2 -plugin /usr/lib/gcc/x86_64-linux-gnu/9/liblto_plugin.so -plugin-opt=/usr/lib/gcc/x86_64-linux-gnu/9/lto-wrapper -plugin-opt=-fresolution=/tmp/ccdl8lMQ.res -plugin-opt=-pass-through=-lgcc -plugin-opt=-pass-through=-lgcc_s -plugin-opt=-pass-through=-lc -plugin-opt=-pass-through=-lgcc -plugin-opt=-pass-through=-lgcc_s --build-id --eh-frame-hdr -m elf_x86_64 --hash-style=gnu --as-needed -export-dynamic -dynamic-linker /lib64/ld-linux-x86-64.so.2 -pie -z now -z relro -o cmTC_8f729 /usr/lib/gcc/x86_64-linux-gnu/9/../../../x86_64-linux-gnu/Scrt1.o /usr/lib/gcc/x86_64-linux-gnu/9/../../../x86_64-linux-gnu/crti.o /usr/lib/gcc/x86_64-linux-gnu/9/crtbeginS.o -L/usr/lib/gcc/x86_64-linux-gnu/9 -L/usr/lib/gcc/x86_64-linux-gnu/9/../../../x86_64-linux-gnu -L/usr/lib/gcc/x86_64-linux-gnu/9/../../../../lib -L/lib/x86_64-linux-gnu -L/lib/../lib -L/usr/lib/x86_64-linux-gnu -L/usr/lib/../lib -L/usr/lib/gcc/x86_64-linux-gnu/9/../../.. CMakeFiles/cmTC_8f729.dir/CMakeCCompilerABI.c.o -lgcc --push-state --as-needed -lgcc_s --pop-state -lc -lgcc --push-state --as-needed -lgcc_s --pop-state /usr/lib/gcc/x86_64-linux-gnu/9/crtendS.o /usr/lib/gcc/x86_64-linux-gnu/9/../../../x86_64-linux-gnu/crtn.o
COLLECT_GCC_OPTIONS='-v' '-rdynamic' '-o' 'cmTC_8f729' '-mtune=generic' '-march=x86-64'
make[1]: Leaving directory '/home/rabbit/uu/ext/seeta/build/CMakeFiles/CMakeTmp'



Parsed C implicit include dir info from above output: rv=done
  found start of include info
  found start of implicit include info
    add: [/usr/lib/gcc/x86_64-linux-gnu/9/include]
    add: [/usr/local/include]
    add: [/usr/include/x86_64-linux-gnu]
    add: [/usr/include]
  end of search list found
  collapse include dir [/usr/lib/gcc/x86_64-linux-gnu/9/include] ==> [/usr/lib/gcc/x86_64-linux-gnu/9/include]
  collapse include dir [/usr/local/include] ==> [/usr/local/include]
  collapse include dir [/usr/include/x86_64-linux-gnu] ==> [/usr/include/x86_64-linux-gnu]
  collapse include dir [/usr/include] ==> [/usr/include]
  implicit include dirs: [/usr/lib/gcc/x86_64-linux-gnu/9/include;/usr/local/include;/usr/include/x86_64-linux-gnu;/usr/include]


Parsed C implicit link information from above output:
  link line regex: [^( *|.*[/\])(ld|CMAKE_LINK_STARTFILE-NOTFOUND|([^/\]+-)?ld|collect2)[^/\]*( |$)]
  ignore line: [Change Dir: /home/rabbit/uu/ext/seeta/build/CMakeFiles/CMakeTmp]
  ignore line: []
  ignore line: [Run Build Command(s):/usr/bin/make cmTC_8f729/fast && /usr/bin/make -f CMakeFiles/cmTC_8f729.dir/build.make CMakeFiles/cmTC_8f729.dir/build]
  ignore line: [make[1]: Entering directory '/home/rabbit/uu/ext/seeta/build/CMakeFiles/CMakeTmp']
  ignore line: [Building C object CMakeFiles/cmTC_8f729.dir/CMakeCCompilerABI.c.o]
  ignore line: [/usr/bin/cc   -v -o CMakeFiles/cmTC_8f729.dir/CMakeCCompilerABI.c.o   -c /usr/share/cmake-3.16/Modules/CMakeCCompilerABI.c]
  ignore line: [Using built-in specs.]
  ignore line: [COLLECT_GCC=/usr/bin/cc]
  ignore line: [OFFLOAD_TARGET_NAMES=nvptx-none:hsa]
  ignore line: [OFFLOAD_TARGET_DEFAULT=1]
  ignore line: [Target: x86_64-linux-gnu]
  ignore line: [Configured with: ../src/configure -v --with-pkgversion='Ubuntu 9.3.0-17ubuntu1~20.04' --with-bugurl=file:///usr/share/doc/gcc-9/README.Bugs --enable-languages=c ada c++ go brig d fortran objc obj-c++ gm2 --prefix=/usr --with-gcc-major-version-only --program-suffix=-9 --program-prefix=x86_64-linux-gnu- --enable-shared --enable-linker-build-id --libexecdir=/usr/lib --without-included-gettext --enable-threads=posix --libdir=/usr/lib --enable-nls --enable-clocale=gnu --enable-libstdcxx-debug --enable-libstdcxx-time=yes --with-default-libstdcxx-abi=new --enable-gnu-unique-object --disable-vtable-verify --enable-plugin --enable-default-pie --with-system-zlib --with-target-system-zlib=auto --enable-objc-gc=auto --enable-multiarch --disable-werror --with-arch-32=i686 --with-abi=m64 --with-multilib-list=m32 m64 mx32 --enable-multilib --with-tune=generic --enable-offload-targets=nvptx-none=/build/gcc-9-HskZEa/gcc-9-9.3.0/debian/tmp-nvptx/usr hsa --without-cuda-driver --enable-checking=release --build=x86_64-linux-gnu --host=x86_64-linux-gnu --target=x86_64-linux-gnu]
  ignore line: [Thread model: posix]
  ignore line: [gcc version 9.3.0 (Ubuntu 9.3.0-17ubuntu1~20.04) ]
  ignore line: [COLLECT_GCC_OPTIONS='-v' '-o' 'CMakeFiles/cmTC_8f729.dir/CMakeCCompilerABI.c.o' '-c' '-mtune=generic' '-march=x86-64']
  ignore line: [ /usr/lib/gcc/x86_64-linux-gnu/9/cc1 -quiet -v -imultiarch x86_64-linux-gnu /usr/share/cmake-3.16/Modules/CMakeCCompilerABI.c -quiet -dumpbase CMakeCCompilerABI.c -mtune=generic -march=x86-64 -auxbase-strip CMakeFiles/cmTC_8f729.dir/CMakeCCompilerABI.c.o -version -fasynchronous-unwind-tables -fstack-protector-strong -Wformat -Wformat-security -fstack-clash-protection -fcf-protection -o /tmp/ccSAznhq.s]
  ignore line: [GNU C17 (Ubuntu 9.3.0-17ubuntu1~20.04) version 9.3.0 (x86_64-linux-gnu)]
  ignore line: [	compiled by GNU C version 9.3.0  GMP version 6.2.0  MPFR version 4.0.2  MPC version 1.1.0  isl version isl-0.22.1-GMP]
  ignore line: []
  ignore line: [GGC heuristics: --param ggc-min-expand=100 --param ggc-min-heapsize=131072]
  ignore line: [ignoring nonexistent directory "/usr/local/include/x86_64-linux-gnu"]
  ignore line: [ignoring nonexistent directory "/usr/lib/gcc/x86_64-linux-gnu/9/include-fixed"]
  ignore line: [ignoring nonexistent directory "/usr/lib/gcc/x86_64-linux-gnu/9/../../../../x86_64-linux-gnu/include"]
  ignore line: [#include "..." search starts here:]
  ignore line: [#include <...> search starts here:]
  ignore line: [ /usr/lib/gcc/x86_64-linux-gnu/9/include]
  ignore line: [ /usr/local/include]
  ignore line: [ /usr/include/x86_64-linux-gnu]
  ignore line: [ /usr/include]
  ignore line: [End of search list.]
  ignore line: [GNU C17 (Ubuntu 9.3.0-17ubuntu1~20.04) version 9.3.0 (x86_64-linux-gnu)]
  ignore line: [	compiled by GNU C version 9.3.0  GMP version 6.2.0  MPFR version 4.0.2  MPC version 1.1.0  isl version isl-0.22.1-GMP]
  ignore line: []
  ignore line: [GGC heuristics: --param ggc-min-expand=100 --param ggc-min-heapsize=131072]
  ignore line: [Compiler executable checksum: bbf13931d8de1abe14040c9909cb6969]
  ignore line: [COLLECT_GCC_OPTIONS='-v' '-o' 'CMakeFiles/cmTC_8f729.dir/CMakeCCompilerABI.c.o' '-c' '-mtune=generic' '-march=x86-64']
  ignore line: [ as -v --64 -o CMakeFiles/cmTC_8f729.dir/CMakeCCompilerABI.c.o /tmp/ccSAznhq.s]
  ignore line: [GNU assembler version 2.34 (x86_64-linux-gnu) using BFD version (GNU Binutils for Ubuntu) 2.34]
  ignore line: [COMPILER_PATH=/usr/lib/gcc/x86_64-linux-gnu/9/:/usr/lib/gcc/x86_64-linux-gnu/9/:/usr/lib/gcc/x86_64-linux-gnu/:/usr/lib/gcc/x86_64-linux-gnu/9/:/usr/lib/gcc/x86_64-linux-gnu/]
  ignore line: [LIBRARY_PATH=/usr/lib/gcc/x86_64-linux-gnu/9/:/usr/lib/gcc/x86_64-linux-gnu/9/../../../x86_64-linux-gnu/:/usr/lib/gcc/x86_64-linux-gnu/9/../../../../lib/:/lib/x86_64-linux-gnu/:/lib/../lib/:/usr/lib/x86_64-linux-gnu/:/usr/lib/../lib/:/usr/lib/gcc/x86_64-linux-gnu/9/../../../:/lib/:/usr/lib/]
  ignore line: [COLLECT_GCC_OPTIONS='-v' '-o' 'CMakeFiles/cmTC_8f729.dir/CMakeCCompilerABI.c.o' '-c' '-mtune=generic' '-march=x86-64']
  ignore line: [Linking C executable cmTC_8f729]
  ignore line: [/usr/bin/cmake -E cmake_link_script CMakeFiles/cmTC_8f729.dir/link.txt --verbose=1]
  ignore line: [/usr/bin/cc     -v -rdynamic CMakeFiles/cmTC_8f729.dir/CMakeCCompilerABI.c.o  -o cmTC_8f729 ]
  ignore line: [Using built-in specs.]
  ignore line: [COLLECT_GCC=/usr/bin/cc]
  ignore line: [COLLECT_LTO_WRAPPER=/usr/lib/gcc/x86_64-linux-gnu/9/lto-wrapper]
  ignore line: [OFFLOAD_TARGET_NAMES=nvptx-none:hsa]
  ignore line: [OFFLOAD_TARGET_DEFAULT=1]
  ignore line: [Target: x86_64-linux-gnu]
  ignore line: [Configured with: ../src/configure -v --with-pkgversion='Ubuntu 9.3.0-17ubuntu1~20.04' --with-bugurl=file:///usr/share/doc/gcc-9/README.Bugs --enable-languages=c ada c++ go brig d fortran objc obj-c++ gm2 --prefix=/usr --with-gcc-major-version-only --program-suffix=-9 --program-prefix=x86_64-linux-gnu- --enable-shared --enable-linker-build-id --libexecdir=/usr/lib --without-included-gettext --enable-threads=posix --libdir=/usr/lib --enable-nls --enable-clocale=gnu --enable-libstdcxx-debug --enable-libstdcxx-time=yes --with-default-libstdcxx-abi=new --enable-gnu-unique-object --disable-vtable-verify --enable-plugin --enable-default-pie --with-system-zlib --with-target-system-zlib=auto --enable-objc-gc=auto --enable-multiarch --disable-werror --with-arch-32=i686 --with-abi=m64 --with-multilib-list=m32 m64 mx32 --enable-multilib --with-tune=generic --enable-offload-targets=nvptx-none=/build/gcc-9-HskZEa/gcc-9-9.3.0/debian/tmp-nvptx/usr hsa --without-cuda-driver --enable-checking=release --build=x86_64-linux-gnu --host=x86_64-linux-gnu --target=x86_64-linux-gnu]
  ignore line: [Thread model: posix]
  ignore line: [gcc version 9.3.0 (Ubuntu 9.3.0-17ubuntu1~20.04) ]
  ignore line: [COMPILER_PATH=/usr/lib/gcc/x86_64-linux-gnu/9/:/usr/lib/gcc/x86_64-linux-gnu/9/:/usr/lib/gcc/x86_64-linux-gnu/:/usr/lib/gcc/x86_64-linux-gnu/9/:/usr/lib/gcc/x86_64-linux-gnu/]
  ignore line: [LIBRARY_PATH=/usr/lib/gcc/x86_64-linux-gnu/9/:/usr/lib/gcc/x86_64-linux-gnu/9/../../../x86_64-linux-gnu/:/usr/lib/gcc/x86_64-linux-gnu/9/../../../../lib/:/lib/x86_64-linux-gnu/:/lib/../lib/:/usr/lib/x86_64-linux-gnu/:/usr/lib/../lib/:/usr/lib/gcc/x86_64-linux-gnu/9/../../../:/lib/:/usr/lib/]
  ignore line: [COLLECT_GCC_OPTIONS='-v' '-rdynamic' '-o' 'cmTC_8f729' '-mtune=generic' '-march=x86-64']
  link line: [ /usr/lib/gcc/x86_64-linux-gnu/9/collect2 -plugin /usr/lib/gcc/x86_64-linux-gnu/9/liblto_plugin.so -plugin-opt=/usr/lib/gcc/x86_64-linux-gnu/9/lto-wrapper -plugin-opt=-fresolution=/tmp/ccdl8lMQ.res -plugin-opt=-pass-through=-lgcc -plugin-opt=-pass-through=-lgcc_s -plugin-opt=-pass-through=-lc -plugin-opt=-pass-through=-lgcc -plugin-opt=-pass-through=-lgcc_s --build-id --eh-frame-hdr -m elf_x86_64 --hash-style=gnu --as-needed -export-dynamic -dynamic-linker /lib64/ld-linux-x86-64.so.2 -pie -z now -z relro -o cmTC_8f729 /usr/lib/gcc/x86_64-linux-gnu/9/../../../x86_64-linux-gnu/Scrt1.o /usr/lib/gcc/x86_64-linux-gnu/9/../../../x86_64-linux-gnu/crti.o /usr/lib/gcc/x86_64-linux-gnu/9/crtbeginS.o -L/usr/lib/gcc/x86_64-linux-gnu/9 -L/usr/lib/gcc/x86_64-linux-gnu/9/../../../x86_64-linux-gnu -L/usr/lib/gcc/x86_64-linux-gnu/9/../../../../lib -L/lib/x86_64-linux-gnu -L/lib/../lib -L/usr/lib/x86_64-linux-gnu -L/usr/lib/../lib -L/usr/lib/gcc/x86_64-linux-gnu/9/../../.. CMakeFiles/cmTC_8f729.dir/CMakeCCompilerABI.c.o -lgcc --push-state --as-needed -lgcc_s --pop-state -lc -lgcc --push-state --as-needed -lgcc_s --pop-state /usr/lib/gcc/x86_64-linux-gnu/9/crtendS.o /usr/lib/gcc/x86_64-linux-gnu/9/../../../x86_64-linux-gnu/crtn.o]
    arg [/usr/lib/gcc/x86_64-linux-gnu/9/collect2] ==> ignore
    arg [-plugin] ==> ignore
    arg [/usr/lib/gcc/x86_64-linux-gnu/9/liblto_plugin.so] ==> ignore
    arg [-plugin-opt=/usr/lib/gcc/x86_64-linux-gnu/9/lto-wrapper] ==> ignore
    arg [-plugin-opt=-fresolution=/tmp/ccdl8lMQ.res] ==> ignore
    arg [-plugin-opt=-pass-through=-lgcc] ==> ignore
    arg [-plugin-opt=-pass-through=-lgcc_s] ==> ignore
    arg [-plugin-opt=-pass-through=-lc] ==> ignore
    arg [-plugin-opt=-pass-through=-lgcc] ==> ignore
    arg [-plugin-opt=-pass-through=-lgcc_s] ==> ignore
    arg [--build-id] ==> ignore
    arg [--eh-frame-hdr] ==> ignore
    arg [-m] ==> ignore
    arg [elf_x86_64] ==> ignore
    arg [--hash-style=gnu] ==> ignore
    arg [--as-needed] ==> ignore
    arg [-export-dynamic] ==> ignore
    arg [-dynamic-linker] ==> ignore
    arg [/lib64/ld-linux-x86-64.so.2] ==> ignore
    arg [-pie] ==> ignore
    arg [-znow] ==> ignore
    arg [-zrelro] ==> ignore
    arg [-o] ==> ignore
    arg [cmTC_8f729] ==> ignore
    arg [/usr/lib/gcc/x86_64-linux-gnu/9/../../../x86_64-linux-gnu/Scrt1.o] ==> ignore
    arg [/usr/lib/gcc/x86_64-linux-gnu/9/../../../x86_64-linux-gnu/crti.o] ==> ignore
    arg [/usr/lib/gcc/x86_64-linux-gnu/9/crtbeginS.o] ==> ignore
    arg [-L/usr/lib/gcc/x86_64-linux-gnu/9] ==> dir [/usr/lib/gcc/x86_64-linux-gnu/9]
    arg [-L/usr/lib/gcc/x86_64-linux-gnu/9/../../../x86_64-linux-gnu] ==> dir [/usr/lib/gcc/x86_64-linux-gnu/9/../../../x86_64-linux-gnu]
    arg [-L/usr/lib/gcc/x86_64-linux-gnu/9/../../../../lib] ==> dir [/usr/lib/gcc/x86_64-linux-gnu/9/../../../../lib]
    arg [-L/lib/x86_64-linux-gnu] ==> dir [/lib/x86_64-linux-gnu]
    arg [-L/lib/../lib] ==> dir [/lib/../lib]
    arg [-L/usr/lib/x86_64-linux-gnu] ==> dir [/usr/lib/x86_64-linux-gnu]
    arg [-L/usr/lib/../lib] ==> dir [/usr/lib/../lib]
    arg [-L/usr/lib/gcc/x86_64-linux-gnu/9/../../..] ==> dir [/usr/lib/gcc/x86_64-linux-gnu/9/../../..]
    arg [CMakeFiles/cmTC_8f729.dir/CMakeCCompilerABI.c.o] ==> ignore
    arg [-lgcc] ==> lib [gcc]
    arg [--push-state] ==> ignore
    arg [--as-needed] ==> ignore
    arg [-lgcc_s] ==> lib [gcc_s]
    arg [--pop-state] ==> ignore
    arg [-lc] ==> lib [c]
    arg [-lgcc] ==> lib [gcc]
    arg [--push-state] ==> ignore
    arg [--as-needed] ==> ignore
    arg [-lgcc_s] ==> lib [gcc_s]
    arg [--pop-state] ==> ignore
    arg [/usr/lib/gcc/x86_64-linux-gnu/9/crtendS.o] ==> ignore
    arg [/usr/lib/gcc/x86_64-linux-gnu/9/../../../x86_64-linux-gnu/crtn.o] ==> ignore
  collapse library dir [/usr/lib/gcc/x86_64-linux-gnu/9] ==> [/usr/lib/gcc/x86_64-linux-gnu/9]
  collapse library dir [/usr/lib/gcc/x86_64-linux-gnu/9/../../../x86_64-linux-gnu] ==> [/usr/lib/x86_64-linux-gnu]
  collapse library dir [/usr/lib/gcc/x86_64-linux-gnu/9/../../../../lib] ==> [/usr/lib]
  collapse library dir [/lib/x86_64-linux-gnu] ==> [/lib/x86_64-linux-gnu]
  collapse library dir [/lib/../lib] ==> [/lib]
  collapse library dir [/usr/lib/x86_64-linux-gnu] ==> [/usr/lib/x86_64-linux-gnu]
  collapse library dir [/usr/lib/../lib] ==> [/usr/lib]
  collapse library dir [/usr/lib/gcc/x86_64-linux-gnu/9/../../..] ==> [/usr/lib]
  implicit libs: [gcc;gcc_s;c;gcc;gcc_s]
  implicit dirs: [/usr/lib/gcc/x86_64-linux-gnu/9;/usr/lib/x86_64-linux-gnu;/usr/lib;/lib/x86_64-linux-gnu;/lib]
  implicit fwks: []


Performing C SOURCE FILE Test FLAG_SUPPORTED_pedantic succeeded with the following output:
Change Dir: /home/rabbit/uu/ext/seeta/build/CMakeFiles/CMakeTmp

Run Build Command(s):/usr/bin/make cmTC_9cd47/fast && /usr/bin/make -f CMakeFiles/cmTC_9cd47.dir/build.make CMakeFiles/cmTC_9cd47.dir/build
make[1]: Entering directory '/home/rabbit/uu/ext/seeta/build/CMakeFiles/CMakeTmp'
Building C object CMakeFiles/cmTC_9cd47.dir/src.c.o
/usr/bin/cc   -DFLAG_SUPPORTED_pedantic   -pedantic -o CMakeFiles/cmTC_9cd47.dir/src.c.o   -c /home/rabbit/uu/ext/seeta/build/CMakeFiles/CMakeTmp/src.c
Linking C executable cmTC_9cd47
/usr/bin/cmake -E cmake_link_script CMakeFiles/cmTC_9cd47.dir/link.txt --verbose=1
/usr/bin/cc  -DFLAG_SUPPORTED_pedantic    -rdynamic CMakeFiles/cmTC_9cd47.dir/src.c.o  -o cmTC_9cd47 
make[1]: Leaving directory '/home/rabbit/uu/ext/seeta/build/CMakeFiles/CMakeTmp'


Source file was:
int main(void) { return 0; }
Performing C SOURCE FILE Test FLAG_SUPPORTED_Wall succeeded with the following output:
Change Dir: /home/rabbit/uu/ext/seeta/build/CMakeFiles/CMakeTmp

Run Build Command(s):/usr/bin/make cmTC_c9c16/fast && /usr/bin/make -f CMakeFiles/cmTC_c9c16.dir/build.make CMakeFiles/cmTC_c9c16.dir/build
make[1]: Entering directory '/home/rabbit/uu/ext/seeta/build/CMakeFiles/CMakeTmp'
Building C object CMakeFiles/cmTC_c9c16.dir/src.c.o
/usr/bin/cc   -pedantic -DFLAG_SUPPORTED_Wall   -Wall -o CMakeFiles/cmTC_c9c16.dir/src.c.o   -c /home/rabbit/uu/ext/seeta/build/CMakeFiles/CMakeTmp/src.c
Linking C executable cmTC_c9c16
/usr/bin/cmake -E cmake_link_script CMakeFiles/cmTC_c9c16.dir/link.txt --verbose=1
/usr/bin/cc  -pedantic -DFLAG_SUPPORTED_Wall    -rdynamic CMakeFiles/cmTC_c9c16.dir/src.c.o  -o cmTC_c9c16 
make[1]: Leaving directory '/home/rabbit/uu/ext/seeta/build/CMakeFiles/CMakeTmp'


Source file was:
int main(void) { return 0; }
Performing C SOURCE FILE Test FLAG_SUPPORTED_Wextra succeeded with the following output:
Change Dir: /home/rabbit/uu/ext/seeta/build/CMakeFiles/CMakeTmp

Run Build Command(s):/usr/bin/make cmTC_002e5/fast && /usr/bin/make -f CMakeFiles/cmTC_002e5.dir/build.make CMakeFiles/cmTC_002e5.dir/build
make[1]: Entering directory '/home/rabbit/uu/ext/seeta/build/CMakeFiles/CMakeTmp'
Building C object CMakeFiles/cmTC_002e5.dir/src.c.o
/usr/bin/cc   -pedantic -Wall -DFLAG_SUPPORTED_Wextra   -Wextra -o CMakeFiles/cmTC_002e5.dir/src.c.o   -c /home/rabbit/uu/ext/seeta/build/CMakeFiles/CMakeTmp/src.c
Linking C executable cmTC_002e5
/usr/bin/cmake -E cmake_link_script CMakeFiles/cmTC_002e5.dir/link.txt --verbose=1
/usr/bin/cc  -pedantic -Wall -DFLAG_SUPPORTED_Wextra    -rdynamic CMakeFiles/cmTC_002e5.dir/src.c.o  -o cmTC_002e5 
make[1]: Leaving directory '/home/rabbit/uu/ext/seeta/build/CMakeFiles/CMakeTmp'


Source file was:
int main(void) { return 0; }
Performing C SOURCE FILE Test FLAG_SUPPORTED_Werror succeeded with the following output:
Change Dir: /home/rabbit/uu/ext/seeta/build/CMakeFiles/CMakeTmp

Run Build Command(s):/usr/bin/make cmTC_c99d9/fast && /usr/bin/make -f CMakeFiles/cmTC_c99d9.dir/build.make CMakeFiles/cmTC_c99d9.dir/build
make[1]: Entering directory '/home/rabbit/uu/ext/seeta/build/CMakeFiles/CMakeTmp'
Building C object CMakeFiles/cmTC_c99d9.dir/src.c.o
/usr/bin/cc   -pedantic -Wall -Wextra -DFLAG_SUPPORTED_Werror   -Werror -o CMakeFiles/cmTC_c99d9.dir/src.c.o   -c /home/rabbit/uu/ext/seeta/build/CMakeFiles/CMakeTmp/src.c
Linking C executable cmTC_c99d9
/usr/bin/cmake -E cmake_link_script CMakeFiles/cmTC_c99d9.dir/link.txt --verbose=1
/usr/bin/cc  -pedantic -Wall -Wextra -DFLAG_SUPPORTED_Werror    -rdynamic CMakeFiles/cmTC_c99d9.dir/src.c.o  -o cmTC_c99d9 
make[1]: Leaving directory '/home/rabbit/uu/ext/seeta/build/CMakeFiles/CMakeTmp'


Source file was:
int main(void) { return 0; }
Performing C SOURCE FILE Test FLAG_SUPPORTED_Wstrictprototypes succeeded with the following output:
Change Dir: /home/rabbit/uu/ext/seeta/build/CMakeFiles/CMakeTmp

Run Build Command(s):/usr/bin/make cmTC_f3f36/fast && /usr/bin/make -f CMakeFiles/cmTC_f3f36.dir/build.make CMakeFiles/cmTC_f3f36.dir/build
make[1]: Entering directory '/home/rabbit/uu/ext/seeta/build/CMakeFiles/CMakeTmp'
Building C object CMakeFiles/cmTC_f3f36.dir/src.c.o
/usr/bin/cc   -pedantic -Wall -Wextra -Werror -DFLAG_SUPPORTED_Wstrictprototypes   -Wstrict-prototypes -o CMakeFiles/cmTC_f3f36.dir/src.c.o   -c /home/rabbit/uu/ext/seeta/build/CMakeFiles/CMakeTmp/src.c
Linking C executable cmTC_f3f36
/usr/bin/cmake -E cmake_link_script CMakeFiles/cmTC_f3f36.dir/link.txt --verbose=1
/usr/bin/cc  -pedantic -Wall -Wextra -Werror -DFLAG_SUPPORTED_Wstrictprototypes    -rdynamic CMakeFiles/cmTC_f3f36.dir/src.c.o  -o cmTC_f3f36 
make[1]: Leaving directory '/home/rabbit/uu/ext/seeta/build/CMakeFiles/CMakeTmp'


Source file was:
int main(void) { return 0; }
Performing C SOURCE FILE Test FLAG_SUPPORTED_Wwritestrings succeeded with the following output:
Change Dir: /home/rabbit/uu/ext/seeta/build/CMakeFiles/CMakeTmp

Run Build Command(s):/usr/bin/make cmTC_85da5/fast && /usr/bin/make -f CMakeFiles/cmTC_85da5.dir/build.make CMakeFiles/cmTC_85da5.dir/build
make[1]: Entering directory '/home/rabbit/uu/ext/seeta/build/CMakeFiles/CMakeTmp'
Building C object CMakeFiles/cmTC_85da5.dir/src.c.o
/usr/bin/cc   -pedantic -Wall -Wextra -Werror -Wstrict-prototypes -DFLAG_SUPPORTED_Wwritestrings   -Wwrite-strings -o CMakeFiles/cmTC_85da5.dir/src.c.o   -c /home/rabbit/uu/ext/seeta/build/CMakeFiles/CMakeTmp/src.c
Linking C executable cmTC_85da5
/usr/bin/cmake -E cmake_link_script CMakeFiles/cmTC_85da5.dir/link.txt --verbose=1
/usr/bin/cc  -pedantic -Wall -Wextra -Werror -Wstrict-prototypes -DFLAG_SUPPORTED_Wwritestrings    -rdynamic CMakeFiles/cmTC_85da5.dir/src.c.o  -o cmTC_85da5 
make[1]: Leaving directory '/home/rabbit/uu/ext/seeta/build/CMakeFiles/CMakeTmp'


Source file was:
int main(void) { return 0; }
Performing C SOURCE FILE Test FLAG_SUPPORTED_Wshadow succeeded with the following output:
Change Dir: /home/rabbit/uu/ext/seeta/build/CMakeFiles/CMakeTmp

Run Build Command(s):/usr/bin/make cmTC_1df65/fast && /usr/bin/make -f CMakeFiles/cmTC_1df65.dir/build.make CMakeFiles/cmTC_1df65.dir/build
make[1]: Entering directory '/home/rabbit/uu/ext/seeta/build/CMakeFiles/CMakeTmp'
Building C object CMakeFiles/cmTC_1df65.dir/src.c.o
/usr/bin/cc   -pedantic -Wall -Wextra -Werror -Wstrict-prototypes -Wwrite-strings -DFLAG_SUPPORTED_Wshadow   -Wshadow -o CMakeFiles/cmTC_1df65.dir/src.c.o   -c /home/rabbit/uu/ext/seeta/build/CMakeFiles/CMakeTmp/src.c
Linking C executable cmTC_1df65
/usr/bin/cmake -E cmake_link_script CMakeFiles/cmTC_1df65.dir/link.txt --verbose=1
/usr/bin/cc  -pedantic -Wall -Wextra -Werror -Wstrict-prototypes -Wwrite-strings -DFLAG_SUPPORTED_Wshadow    -rdynamic CMakeFiles/cmTC_1df65.dir/src.c.o  -o cmTC_1df65 
make[1]: Leaving directory '/home/rabbit/uu/ext/seeta/build/CMakeFiles/CMakeTmp'


Source file was:
int main(void) { return 0; }
Performing C SOURCE FILE Test FLAG_SUPPORTED_Winitself succeeded with the following output:
Change Dir: /home/rabbit/uu/ext/seeta/build/CMakeFiles/CMakeTmp

Run Build Command(s):/usr/bin/make cmTC_01d3b/fast && /usr/bin/make -f CMakeFiles/cmTC_01d3b.dir/build.make CMakeFiles/cmTC_01d3b.dir/build
make[1]: Entering directory '/home/rabbit/uu/ext/seeta/build/CMakeFiles/CMakeTmp'
Building C object CMakeFiles/cmTC_01d3b.dir/src.c.o
/usr/bin/cc   -pedantic -Wall -Wextra -Werror -Wstrict-prototypes -Wwrite-strings -Wshadow -DFLAG_SUPPORTED_Winitself   -Winit-self -o CMakeFiles/cmTC_01d3b.dir/src.c.o   -c /home/rabbit/uu/ext/seeta/build/CMakeFiles/CMakeTmp/src.c
Linking C executable cmTC_01d3b
/usr/bin/cmake -E cmake_link_script CMakeFiles/cmTC_01d3b.dir/link.txt --verbose=1
/usr/bin/cc  -pedantic -Wall -Wextra -Werror -Wstrict-prototypes -Wwrite-strings -Wshadow -DFLAG_SUPPORTED_Winitself    -rdynamic CMakeFiles/cmTC_01d3b.dir/src.c.o  -o cmTC_01d3b 
make[1]: Leaving directory '/home/rabbit/uu/ext/seeta/build/CMakeFiles/CMakeTmp'


Source file was:
int main(void) { return 0; }
Performing C SOURCE FILE Test FLAG_SUPPORTED_Wcastalign succeeded with the following output:
Change Dir: /home/rabbit/uu/ext/seeta/build/CMakeFiles/CMakeTmp

Run Build Command(s):/usr/bin/make cmTC_58197/fast && /usr/bin/make -f CMakeFiles/cmTC_58197.dir/build.make CMakeFiles/cmTC_58197.dir/build
make[1]: Entering directory '/home/rabbit/uu/ext/seeta/build/CMakeFiles/CMakeTmp'
Building C object CMakeFiles/cmTC_58197.dir/src.c.o
/usr/bin/cc   -pedantic -Wall -Wextra -Werror -Wstrict-prototypes -Wwrite-strings -Wshadow -Winit-self -DFLAG_SUPPORTED_Wcastalign   -Wcast-align -o CMakeFiles/cmTC_58197.dir/src.c.o   -c /home/rabbit/uu/ext/seeta/build/CMakeFiles/CMakeTmp/src.c
Linking C executable cmTC_58197
/usr/bin/cmake -E cmake_link_script CMakeFiles/cmTC_58197.dir/link.txt --verbose=1
/usr/bin/cc  -pedantic -Wall -Wextra -Werror -Wstrict-prototypes -Wwrite-strings -Wshadow -Winit-self -DFLAG_SUPPORTED_Wcastalign    -rdynamic CMakeFiles/cmTC_58197.dir/src.c.o  -o cmTC_58197 
make[1]: Leaving directory '/home/rabbit/uu/ext/seeta/build/CMakeFiles/CMakeTmp'


Source file was:
int main(void) { return 0; }
Performing C SOURCE FILE Test FLAG_SUPPORTED_Wformat2 succeeded with the following output:
Change Dir: /home/rabbit/uu/ext/seeta/build/CMakeFiles/CMakeTmp

Run Build Command(s):/usr/bin/make cmTC_fdfd8/fast && /usr/bin/make -f CMakeFiles/cmTC_fdfd8.dir/build.make CMakeFiles/cmTC_fdfd8.dir/build
make[1]: Entering directory '/home/rabbit/uu/ext/seeta/build/CMakeFiles/CMakeTmp'
Building C object CMakeFiles/cmTC_fdfd8.dir/src.c.o
/usr/bin/cc   -pedantic -Wall -Wextra -Werror -Wstrict-prototypes -Wwrite-strings -Wshadow -Winit-self -Wcast-align -DFLAG_SUPPORTED_Wformat2   -Wformat=2 -o CMakeFiles/cmTC_fdfd8.dir/src.c.o   -c /home/rabbit/uu/ext/seeta/build/CMakeFiles/CMakeTmp/src.c
Linking C executable cmTC_fdfd8
/usr/bin/cmake -E cmake_link_script CMakeFiles/cmTC_fdfd8.dir/link.txt --verbose=1
/usr/bin/cc  -pedantic -Wall -Wextra -Werror -Wstrict-prototypes -Wwrite-strings -Wshadow -Winit-self -Wcast-align -DFLAG_SUPPORTED_Wformat2    -rdynamic CMakeFiles/cmTC_fdfd8.dir/src.c.o  -o cmTC_fdfd8 
make[1]: Leaving directory '/home/rabbit/uu/ext/seeta/build/CMakeFiles/CMakeTmp'


Source file was:
int main(void) { return 0; }
Performing C SOURCE FILE Test FLAG_SUPPORTED_Wmissingprototypes succeeded with the following output:
Change Dir: /home/rabbit/uu/ext/seeta/build/CMakeFiles/CMakeTmp

Run Build Command(s):/usr/bin/make cmTC_d7163/fast && /usr/bin/make -f CMakeFiles/cmTC_d7163.dir/build.make CMakeFiles/cmTC_d7163.dir/build
make[1]: Entering directory '/home/rabbit/uu/ext/seeta/build/CMakeFiles/CMakeTmp'
Building C object CMakeFiles/cmTC_d7163.dir/src.c.o
/usr/bin/cc   -pedantic -Wall -Wextra -Werror -Wstrict-prototypes -Wwrite-strings -Wshadow -Winit-self -Wcast-align -Wformat=2 -DFLAG_SUPPORTED_Wmissingprototypes   -Wmissing-prototypes -o CMakeFiles/cmTC_d7163.dir/src.c.o   -c /home/rabbit/uu/ext/seeta/build/CMakeFiles/CMakeTmp/src.c
Linking C executable cmTC_d7163
/usr/bin/cmake -E cmake_link_script CMakeFiles/cmTC_d7163.dir/link.txt --verbose=1
/usr/bin/cc  -pedantic -Wall -Wextra -Werror -Wstrict-prototypes -Wwrite-strings -Wshadow -Winit-self -Wcast-align -Wformat=2 -DFLAG_SUPPORTED_Wmissingprototypes    -rdynamic CMakeFiles/cmTC_d7163.dir/src.c.o  -o cmTC_d7163 
make[1]: Leaving directory '/home/rabbit/uu/ext/seeta/build/CMakeFiles/CMakeTmp'


Source file was:
int main(void) { return 0; }
Performing C SOURCE FILE Test FLAG_SUPPORTED_Wstrictoverflow2 succeeded with the following output:
Change Dir: /home/rabbit/uu/ext/seeta/build/CMakeFiles/CMakeTmp

Run Build Command(s):/usr/bin/make cmTC_84aef/fast && /usr/bin/make -f CMakeFiles/cmTC_84aef.dir/build.make CMakeFiles/cmTC_84aef.dir/build
make[1]: Entering directory '/home/rabbit/uu/ext/seeta/build/CMakeFiles/CMakeTmp'
Building C object CMakeFiles/cmTC_84aef.dir/src.c.o
/usr/bin/cc   -pedantic -Wall -Wextra -Werror -Wstrict-prototypes -Wwrite-strings -Wshadow -Winit-self -Wcast-align -Wformat=2 -Wmissing-prototypes -DFLAG_SUPPORTED_Wstrictoverflow2   -Wstrict-overflow=2 -o CMakeFiles/cmTC_84aef.dir/src.c.o   -c /home/rabbit/uu/ext/seeta/build/CMakeFiles/CMakeTmp/src.c
Linking C executable cmTC_84aef
/usr/bin/cmake -E cmake_link_script CMakeFiles/cmTC_84aef.dir/link.txt --verbose=1
/usr/bin/cc  -pedantic -Wall -Wextra -Werror -Wstrict-prototypes -Wwrite-strings -Wshadow -Winit-self -Wcast-align -Wformat=2 -Wmissing-prototypes -DFLAG_SUPPORTED_Wstrictoverflow2    -rdynamic CMakeFiles/cmTC_84aef.dir/src.c.o  -o cmTC_84aef 
make[1]: Leaving directory '/home/rabbit/uu/ext/seeta/build/CMakeFiles/CMakeTmp'


Source file was:
int main(void) { return 0; }
Performing C SOURCE FILE Test FLAG_SUPPORTED_Wcastqual succeeded with the following output:
Change Dir: /home/rabbit/uu/ext/seeta/build/CMakeFiles/CMakeTmp

Run Build Command(s):/usr/bin/make cmTC_66fdc/fast && /usr/bin/make -f CMakeFiles/cmTC_66fdc.dir/build.make CMakeFiles/cmTC_66fdc.dir/build
make[1]: Entering directory '/home/rabbit/uu/ext/seeta/build/CMakeFiles/CMakeTmp'
Building C object CMakeFiles/cmTC_66fdc.dir/src.c.o
/usr/bin/cc   -pedantic -Wall -Wextra -Werror -Wstrict-prototypes -Wwrite-strings -Wshadow -Winit-self -Wcast-align -Wformat=2 -Wmissing-prototypes -Wstrict-overflow=2 -DFLAG_SUPPORTED_Wcastqual   -Wcast-qual -o CMakeFiles/cmTC_66fdc.dir/src.c.o   -c /home/rabbit/uu/ext/seeta/build/CMakeFiles/CMakeTmp/src.c
Linking C executable cmTC_66fdc
/usr/bin/cmake -E cmake_link_script CMakeFiles/cmTC_66fdc.dir/link.txt --verbose=1
/usr/bin/cc  -pedantic -Wall -Wextra -Werror -Wstrict-prototypes -Wwrite-strings -Wshadow -Winit-self -Wcast-align -Wformat=2 -Wmissing-prototypes -Wstrict-overflow=2 -DFLAG_SUPPORTED_Wcastqual    -rdynamic CMakeFiles/cmTC_66fdc.dir/src.c.o  -o cmTC_66fdc 
make[1]: Leaving directory '/home/rabbit/uu/ext/seeta/build/CMakeFiles/CMakeTmp'


Source file was:
int main(void) { return 0; }
Performing C SOURCE FILE Test FLAG_SUPPORTED_Wundef succeeded with the following output:
Change Dir: /home/rabbit/uu/ext/seeta/build/CMakeFiles/CMakeTmp

Run Build Command(s):/usr/bin/make cmTC_56bea/fast && /usr/bin/make -f CMakeFiles/cmTC_56bea.dir/build.make CMakeFiles/cmTC_56bea.dir/build
make[1]: Entering directory '/home/rabbit/uu/ext/seeta/build/CMakeFiles/CMakeTmp'
Building C object CMakeFiles/cmTC_56bea.dir/src.c.o
/usr/bin/cc   -pedantic -Wall -Wextra -Werror -Wstrict-prototypes -Wwrite-strings -Wshadow -Winit-self -Wcast-align -Wformat=2 -Wmissing-prototypes -Wstrict-overflow=2 -Wcast-qual -DFLAG_SUPPORTED_Wundef   -Wundef -o CMakeFiles/cmTC_56bea.dir/src.c.o   -c /home/rabbit/uu/ext/seeta/build/CMakeFiles/CMakeTmp/src.c
Linking C executable cmTC_56bea
/usr/bin/cmake -E cmake_link_script CMakeFiles/cmTC_56bea.dir/link.txt --verbose=1
/usr/bin/cc  -pedantic -Wall -Wextra -Werror -Wstrict-prototypes -Wwrite-strings -Wshadow -Winit-self -Wcast-align -Wformat=2 -Wmissing-prototypes -Wstrict-overflow=2 -Wcast-qual -DFLAG_SUPPORTED_Wundef    -rdynamic CMakeFiles/cmTC_56bea.dir/src.c.o  -o cmTC_56bea 
make[1]: Leaving directory '/home/rabbit/uu/ext/seeta/build/CMakeFiles/CMakeTmp'


Source file was:
int main(void) { return 0; }
Performing C SOURCE FILE Test FLAG_SUPPORTED_Wswitchdefault succeeded with the following output:
Change Dir: /home/rabbit/uu/ext/seeta/build/CMakeFiles/CMakeTmp

Run Build Command(s):/usr/bin/make cmTC_e3188/fast && /usr/bin/make -f CMakeFiles/cmTC_e3188.dir/build.make CMakeFiles/cmTC_e3188.dir/build
make[1]: Entering directory '/home/rabbit/uu/ext/seeta/build/CMakeFiles/CMakeTmp'
Building C object CMakeFiles/cmTC_e3188.dir/src.c.o
/usr/bin/cc   -pedantic -Wall -Wextra -Werror -Wstrict-prototypes -Wwrite-strings -Wshadow -Winit-self -Wcast-align -Wformat=2 -Wmissing-prototypes -Wstrict-overflow=2 -Wcast-qual -Wundef -DFLAG_SUPPORTED_Wswitchdefault   -Wswitch-default -o CMakeFiles/cmTC_e3188.dir/src.c.o   -c /home/rabbit/uu/ext/seeta/build/CMakeFiles/CMakeTmp/src.c
Linking C executable cmTC_e3188
/usr/bin/cmake -E cmake_link_script CMakeFiles/cmTC_e3188.dir/link.txt --verbose=1
/usr/bin/cc  -pedantic -Wall -Wextra -Werror -Wstrict-prototypes -Wwrite-strings -Wshadow -Winit-self -Wcast-align -Wformat=2 -Wmissing-prototypes -Wstrict-overflow=2 -Wcast-qual -Wundef -DFLAG_SUPPORTED_Wswitchdefault    -rdynamic CMakeFiles/cmTC_e3188.dir/src.c.o  -o cmTC_e3188 
make[1]: Leaving directory '/home/rabbit/uu/ext/seeta/build/CMakeFiles/CMakeTmp'


Source file was:
int main(void) { return 0; }
Performing C SOURCE FILE Test FLAG_SUPPORTED_Wconversion succeeded with the following output:
Change Dir: /home/rabbit/uu/ext/seeta/build/CMakeFiles/CMakeTmp

Run Build Command(s):/usr/bin/make cmTC_1f8e5/fast && /usr/bin/make -f CMakeFiles/cmTC_1f8e5.dir/build.make CMakeFiles/cmTC_1f8e5.dir/build
make[1]: Entering directory '/home/rabbit/uu/ext/seeta/build/CMakeFiles/CMakeTmp'
Building C object CMakeFiles/cmTC_1f8e5.dir/src.c.o
/usr/bin/cc   -pedantic -Wall -Wextra -Werror -Wstrict-prototypes -Wwrite-strings -Wshadow -Winit-self -Wcast-align -Wformat=2 -Wmissing-prototypes -Wstrict-overflow=2 -Wcast-qual -Wundef -Wswitch-default -DFLAG_SUPPORTED_Wconversion   -Wconversion -o CMakeFiles/cmTC_1f8e5.dir/src.c.o   -c /home/rabbit/uu/ext/seeta/build/CMakeFiles/CMakeTmp/src.c
Linking C executable cmTC_1f8e5
/usr/bin/cmake -E cmake_link_script CMakeFiles/cmTC_1f8e5.dir/link.txt --verbose=1
/usr/bin/cc  -pedantic -Wall -Wextra -Werror -Wstrict-prototypes -Wwrite-strings -Wshadow -Winit-self -Wcast-align -Wformat=2 -Wmissing-prototypes -Wstrict-overflow=2 -Wcast-qual -Wundef -Wswitch-default -DFLAG_SUPPORTED_Wconversion    -rdynamic CMakeFiles/cmTC_1f8e5.dir/src.c.o  -o cmTC_1f8e5 
make[1]: Leaving directory '/home/rabbit/uu/ext/seeta/build/CMakeFiles/CMakeTmp'


Source file was:
int main(void) { return 0; }
Performing C SOURCE FILE Test FLAG_SUPPORTED_Wccompat succeeded with the following output:
Change Dir: /home/rabbit/uu/ext/seeta/build/CMakeFiles/CMakeTmp

Run Build Command(s):/usr/bin/make cmTC_f7c60/fast && /usr/bin/make -f CMakeFiles/cmTC_f7c60.dir/build.make CMakeFiles/cmTC_f7c60.dir/build
make[1]: Entering directory '/home/rabbit/uu/ext/seeta/build/CMakeFiles/CMakeTmp'
Building C object CMakeFiles/cmTC_f7c60.dir/src.c.o
/usr/bin/cc   -pedantic -Wall -Wextra -Werror -Wstrict-prototypes -Wwrite-strings -Wshadow -Winit-self -Wcast-align -Wformat=2 -Wmissing-prototypes -Wstrict-overflow=2 -Wcast-qual -Wundef -Wswitch-default -Wconversion -DFLAG_SUPPORTED_Wccompat   -Wc++-compat -o CMakeFiles/cmTC_f7c60.dir/src.c.o   -c /home/rabbit/uu/ext/seeta/build/CMakeFiles/CMakeTmp/src.c
Linking C executable cmTC_f7c60
/usr/bin/cmake -E cmake_link_script CMakeFiles/cmTC_f7c60.dir/link.txt --verbose=1
/usr/bin/cc  -pedantic -Wall -Wextra -Werror -Wstrict-prototypes -Wwrite-strings -Wshadow -Winit-self -Wcast-align -Wformat=2 -Wmissing-prototypes -Wstrict-overflow=2 -Wcast-qual -Wundef -Wswitch-default -Wconversion -DFLAG_SUPPORTED_Wccompat    -rdynamic CMakeFiles/cmTC_f7c60.dir/src.c.o  -o cmTC_f7c60 
make[1]: Leaving directory '/home/rabbit/uu/ext/seeta/build/CMakeFiles/CMakeTmp'


Source file was:
int main(void) { return 0; }
Performing C SOURCE FILE Test FLAG_SUPPORTED_fstackprotectorstrong succeeded with the following output:
Change Dir: /home/rabbit/uu/ext/seeta/build/CMakeFiles/CMakeTmp

Run Build Command(s):/usr/bin/make cmTC_dafdb/fast && /usr/bin/make -f CMakeFiles/cmTC_dafdb.dir/build.make CMakeFiles/cmTC_dafdb.dir/build
make[1]: Entering directory '/home/rabbit/uu/ext/seeta/build/CMakeFiles/CMakeTmp'
Building C object CMakeFiles/cmTC_dafdb.dir/src.c.o
/usr/bin/cc   -pedantic -Wall -Wextra -Werror -Wstrict-prototypes -Wwrite-strings -Wshadow -Winit-self -Wcast-align -Wformat=2 -Wmissing-prototypes -Wstrict-overflow=2 -Wcast-qual -Wundef -Wswitch-default -Wconversion -Wc++-compat -DFLAG_SUPPORTED_fstackprotectorstrong   -fstack-protector-strong -o CMakeFiles/cmTC_dafdb.dir/src.c.o   -c /home/rabbit/uu/ext/seeta/build/CMakeFiles/CMakeTmp/src.c
Linking C executable cmTC_dafdb
/usr/bin/cmake -E cmake_link_script CMakeFiles/cmTC_dafdb.dir/link.txt --verbose=1
/usr/bin/cc  -pedantic -Wall -Wextra -Werror -Wstrict-prototypes -Wwrite-strings -Wshadow -Winit-self -Wcast-align -Wformat=2 -Wmissing-prototypes -Wstrict-overflow=2 -Wcast-qual -Wundef -Wswitch-default -Wconversion -Wc++-compat -DFLAG_SUPPORTED_fstackprotectorstrong    -rdynamic CMakeFiles/cmTC_dafdb.dir/src.c.o  -o cmTC_dafdb 
make[1]: Leaving directory '/home/rabbit/uu/ext/seeta/build/CMakeFiles/CMakeTmp'


Source file was:
int main(void) { return 0; }
Performing C SOURCE FILE Test FLAG_SUPPORTED_Wdoublepromotion succeeded with the following output:
Change Dir: /home/rabbit/uu/ext/seeta/build/CMakeFiles/CMakeTmp

Run Build Command(s):/usr/bin/make cmTC_87822/fast && /usr/bin/make -f CMakeFiles/cmTC_87822.dir/build.make CMakeFiles/cmTC_87822.dir/build
make[1]: Entering directory '/home/rabbit/uu/ext/seeta/build/CMakeFiles/CMakeTmp'
Building C object CMakeFiles/cmTC_87822.dir/src.c.o
/usr/bin/cc   -pedantic -Wall -Wextra -Werror -Wstrict-prototypes -Wwrite-strings -Wshadow -Winit-self -Wcast-align -Wformat=2 -Wmissing-prototypes -Wstrict-overflow=2 -Wcast-qual -Wundef -Wswitch-default -Wconversion -Wc++-compat -fstack-protector-strong -DFLAG_SUPPORTED_Wdoublepromotion   -Wdouble-promotion -o CMakeFiles/cmTC_87822.dir/src.c.o   -c /home/rabbit/uu/ext/seeta/build/CMakeFiles/CMakeTmp/src.c
Linking C executable cmTC_87822
/usr/bin/cmake -E cmake_link_script CMakeFiles/cmTC_87822.dir/link.txt --verbose=1
/usr/bin/cc  -pedantic -Wall -Wextra -Werror -Wstrict-prototypes -Wwrite-strings -Wshadow -Winit-self -Wcast-align -Wformat=2 -Wmissing-prototypes -Wstrict-overflow=2 -Wcast-qual -Wundef -Wswitch-default -Wconversion -Wc++-compat -fstack-protector-strong -DFLAG_SUPPORTED_Wdoublepromotion    -rdynamic CMakeFiles/cmTC_87822.dir/src.c.o  -o cmTC_87822 
make[1]: Leaving directory '/home/rabbit/uu/ext/seeta/build/CMakeFiles/CMakeTmp'


Source file was:
int main(void) { return 0; }
Performing C SOURCE FILE Test FLAG_SUPPORTED_Wparentheses succeeded with the following output:
Change Dir: /home/rabbit/uu/ext/seeta/build/CMakeFiles/CMakeTmp

Run Build Command(s):/usr/bin/make cmTC_29e35/fast && /usr/bin/make -f CMakeFiles/cmTC_29e35.dir/build.make CMakeFiles/cmTC_29e35.dir/build
make[1]: Entering directory '/home/rabbit/uu/ext/seeta/build/CMakeFiles/CMakeTmp'
Building C object CMakeFiles/cmTC_29e35.dir/src.c.o
/usr/bin/cc   -pedantic -Wall -Wextra -Werror -Wstrict-prototypes -Wwrite-strings -Wshadow -Winit-self -Wcast-align -Wformat=2 -Wmissing-prototypes -Wstrict-overflow=2 -Wcast-qual -Wundef -Wswitch-default -Wconversion -Wc++-compat -fstack-protector-strong -Wdouble-promotion -DFLAG_SUPPORTED_Wparentheses   -Wparentheses -o CMakeFiles/cmTC_29e35.dir/src.c.o   -c /home/rabbit/uu/ext/seeta/build/CMakeFiles/CMakeTmp/src.c
Linking C executable cmTC_29e35
/usr/bin/cmake -E cmake_link_script CMakeFiles/cmTC_29e35.dir/link.txt --verbose=1
/usr/bin/cc  -pedantic -Wall -Wextra -Werror -Wstrict-prototypes -Wwrite-strings -Wshadow -Winit-self -Wcast-align -Wformat=2 -Wmissing-prototypes -Wstrict-overflow=2 -Wcast-qual -Wundef -Wswitch-default -Wconversion -Wc++-compat -fstack-protector-strong -Wdouble-promotion -DFLAG_SUPPORTED_Wparentheses    -rdynamic CMakeFiles/cmTC_29e35.dir/src.c.o  -o cmTC_29e35 
make[1]: Leaving directory '/home/rabbit/uu/ext/seeta/build/CMakeFiles/CMakeTmp'


Source file was:
int main(void) { return 0; }
Performing C SOURCE FILE Test FLAG_SUPPORTED_Wformatoverflow succeeded with the following output:
Change Dir: /home/rabbit/uu/ext/seeta/build/CMakeFiles/CMakeTmp

Run Build Command(s):/usr/bin/make cmTC_ab966/fast && /usr/bin/make -f CMakeFiles/cmTC_ab966.dir/build.make CMakeFiles/cmTC_ab966.dir/build
make[1]: Entering directory '/home/rabbit/uu/ext/seeta/build/CMakeFiles/CMakeTmp'
Building C object CMakeFiles/cmTC_ab966.dir/src.c.o
/usr/bin/cc   -pedantic -Wall -Wextra -Werror -Wstrict-prototypes -Wwrite-strings -Wshadow -Winit-self -Wcast-align -Wformat=2 -Wmissing-prototypes -Wstrict-overflow=2 -Wcast-qual -Wundef -Wswitch-default -Wconversion -Wc++-compat -fstack-protector-strong -Wdouble-promotion -Wparentheses -DFLAG_SUPPORTED_Wformatoverflow   -Wformat-overflow -o CMakeFiles/cmTC_ab966.dir/src.c.o   -c /home/rabbit/uu/ext/seeta/build/CMakeFiles/CMakeTmp/src.c
Linking C executable cmTC_ab966
/usr/bin/cmake -E cmake_link_script CMakeFiles/cmTC_ab966.dir/link.txt --verbose=1
/usr/bin/cc  -pedantic -Wall -Wextra -Werror -Wstrict-prototypes -Wwrite-strings -Wshadow -Winit-self -Wcast-align -Wformat=2 -Wmissing-prototypes -Wstrict-overflow=2 -Wcast-qual -Wundef -Wswitch-default -Wconversion -Wc++-compat -fstack-protector-strong -Wdouble-promotion -Wparentheses -DFLAG_SUPPORTED_Wformatoverflow    -rdynamic CMakeFiles/cmTC_ab966.dir/src.c.o  -o cmTC_ab966 
make[1]: Leaving directory '/home/rabbit/uu/ext/seeta/build/CMakeFiles/CMakeTmp'


Source file was:
int main(void) { return 0; }
Performing C SOURCE FILE Test FLAG_SUPPORTED_Wunusedmacros succeeded with the following output:
Change Dir: /home/rabbit/uu/ext/seeta/build/CMakeFiles/CMakeTmp

Run Build Command(s):/usr/bin/make cmTC_8309f/fast && /usr/bin/make -f CMakeFiles/cmTC_8309f.dir/build.make CMakeFiles/cmTC_8309f.dir/build
make[1]: Entering directory '/home/rabbit/uu/ext/seeta/build/CMakeFiles/CMakeTmp'
Building C object CMakeFiles/cmTC_8309f.dir/src.c.o
/usr/bin/cc   -pedantic -Wall -Wextra -Werror -Wstrict-prototypes -Wwrite-strings -Wshadow -Winit-self -Wcast-align -Wformat=2 -Wmissing-prototypes -Wstrict-overflow=2 -Wcast-qual -Wundef -Wswitch-default -Wconversion -Wc++-compat -fstack-protector-strong -Wdouble-promotion -Wparentheses -Wformat-overflow -DFLAG_SUPPORTED_Wunusedmacros   -Wunused-macros -o CMakeFiles/cmTC_8309f.dir/src.c.o   -c /home/rabbit/uu/ext/seeta/build/CMakeFiles/CMakeTmp/src.c
Linking C executable cmTC_8309f
/usr/bin/cmake -E cmake_link_script CMakeFiles/cmTC_8309f.dir/link.txt --verbose=1
/usr/bin/cc  -pedantic -Wall -Wextra -Werror -Wstrict-prototypes -Wwrite-strings -Wshadow -Winit-self -Wcast-align -Wformat=2 -Wmissing-prototypes -Wstrict-overflow=2 -Wcast-qual -Wundef -Wswitch-default -Wconversion -Wc++-compat -fstack-protector-strong -Wdouble-promotion -Wparentheses -Wformat-overflow -DFLAG_SUPPORTED_Wunusedmacros    -rdynamic CMakeFiles/cmTC_8309f.dir/src.c.o  -o cmTC_8309f 
make[1]: Leaving directory '/home/rabbit/uu/ext/seeta/build/CMakeFiles/CMakeTmp'


Source file was:
int main(void) { return 0; }
Performing C SOURCE FILE Test FLAG_SUPPORTED_Wswitchenum succeeded with the following output:
Change Dir: /home/rabbit/uu/ext/seeta/build/CMakeFiles/CMakeTmp

Run Build Command(s):/usr/bin/make cmTC_55082/fast && /usr/bin/make -f CMakeFiles/cmTC_55082.dir/build.make CMakeFiles/cmTC_55082.dir/build
make[1]: Entering directory '/home/rabbit/uu/ext/seeta/build/CMakeFiles/CMakeTmp'
Building C object CMakeFiles/cmTC_55082.dir/src.c.o
/usr/bin/cc   -pedantic -Wall -Wextra -Werror -Wstrict-prototypes -Wwrite-strings -Wshadow -Winit-self -Wcast-align -Wformat=2 -Wmissing-prototypes -Wstrict-overflow=2 -Wcast-qual -Wundef -Wswitch-default -Wconversion -Wc++-compat -fstack-protector-strong -Wdouble-promotion -Wparentheses -Wformat-overflow -Wunused-macros -DFLAG_SUPPORTED_Wswitchenum   -Wswitch-enum -o CMakeFiles/cmTC_55082.dir/src.c.o   -c /home/rabbit/uu/ext/seeta/build/CMakeFiles/CMakeTmp/src.c
Linking C executable cmTC_55082
/usr/bin/cmake -E cmake_link_script CMakeFiles/cmTC_55082.dir/link.txt --verbose=1
/usr/bin/cc  -pedantic -Wall -Wextra -Werror -Wstrict-prototypes -Wwrite-strings -Wshadow -Winit-self -Wcast-align -Wformat=2 -Wmissing-prototypes -Wstrict-overflow=2 -Wcast-qual -Wundef -Wswitch-default -Wconversion -Wc++-compat -fstack-protector-strong -Wdouble-promotion -Wparentheses -Wformat-overflow -Wunused-macros -DFLAG_SUPPORTED_Wswitchenum    -rdynamic CMakeFiles/cmTC_55082.dir/src.c.o  -o cmTC_55082 
make[1]: Leaving directory '/home/rabbit/uu/ext/seeta/build/CMakeFiles/CMakeTmp'


Source file was:
int main(void) { return 0; }
Performing C SOURCE FILE Test FLAG_SUPPORTED_O3 succeeded with the following output:
Change Dir: /home/rabbit/uu/ext/seeta/build/CMakeFiles/CMakeTmp

Run Build Command(s):/usr/bin/make cmTC_4a2e1/fast && /usr/bin/make -f CMakeFiles/cmTC_4a2e1.dir/build.make CMakeFiles/cmTC_4a2e1.dir/build
make[1]: Entering directory '/home/rabbit/uu/ext/seeta/build/CMakeFiles/CMakeTmp'
Building C object CMakeFiles/cmTC_4a2e1.dir/src.c.o
/usr/bin/cc   -pedantic -Wall -Wextra -Werror -Wstrict-prototypes -Wwrite-strings -Wshadow -Winit-self -Wcast-align -Wformat=2 -Wmissing-prototypes -Wstrict-overflow=2 -Wcast-qual -Wundef -Wswitch-default -Wconversion -Wc++-compat -fstack-protector-strong -Wdouble-promotion -Wparentheses -Wformat-overflow -Wunused-macros -Wswitch-enum -DFLAG_SUPPORTED_O3   -O3 -o CMakeFiles/cmTC_4a2e1.dir/src.c.o   -c /home/rabbit/uu/ext/seeta/build/CMakeFiles/CMakeTmp/src.c
Linking C executable cmTC_4a2e1
/usr/bin/cmake -E cmake_link_script CMakeFiles/cmTC_4a2e1.dir/link.txt --verbose=1
/usr/bin/cc  -pedantic -Wall -Wextra -Werror -Wstrict-prototypes -Wwrite-strings -Wshadow -Winit-self -Wcast-align -Wformat=2 -Wmissing-prototypes -Wstrict-overflow=2 -Wcast-qual -Wundef -Wswitch-default -Wconversion -Wc++-compat -fstack-protector-strong -Wdouble-promotion -Wparentheses -Wformat-overflow -Wunused-macros -Wswitch-enum -DFLAG_SUPPORTED_O3    -rdynamic CMakeFiles/cmTC_4a2e1.dir/src.c.o  -o cmTC_4a2e1 
make[1]: Leaving directory '/home/rabbit/uu/ext/seeta/build/CMakeFiles/CMakeTmp'


Source file was:
int main(void) { return 0; }
Performing C SOURCE FILE Test FLAG_SUPPORTED_fvisibilityhidden succeeded with the following output:
Change Dir: /home/rabbit/uu/ext/seeta/build/CMakeFiles/CMakeTmp

Run Build Command(s):/usr/bin/make cmTC_2e71a/fast && /usr/bin/make -f CMakeFiles/cmTC_2e71a.dir/build.make CMakeFiles/cmTC_2e71a.dir/build
make[1]: Entering directory '/home/rabbit/uu/ext/seeta/build/CMakeFiles/CMakeTmp'
Building C object CMakeFiles/cmTC_2e71a.dir/src.c.o
/usr/bin/cc   -pedantic -Wall -Wextra -Werror -Wstrict-prototypes -Wwrite-strings -Wshadow -Winit-self -Wcast-align -Wformat=2 -Wmissing-prototypes -Wstrict-overflow=2 -Wcast-qual -Wundef -Wswitch-default -Wconversion -Wc++-compat -fstack-protector-strong -Wdouble-promotion -Wparentheses -Wformat-overflow -Wunused-macros -Wswitch-enum -O3 -DFLAG_SUPPORTED_fvisibilityhidden   -fvisibility=hidden -o CMakeFiles/cmTC_2e71a.dir/src.c.o   -c /home/rabbit/uu/ext/seeta/build/CMakeFiles/CMakeTmp/src.c
Linking C executable cmTC_2e71a
/usr/bin/cmake -E cmake_link_script CMakeFiles/cmTC_2e71a.dir/link.txt --verbose=1
/usr/bin/cc  -pedantic -Wall -Wextra -Werror -Wstrict-prototypes -Wwrite-strings -Wshadow -Winit-self -Wcast-align -Wformat=2 -Wmissing-prototypes -Wstrict-overflow=2 -Wcast-qual -Wundef -Wswitch-default -Wconversion -Wc++-compat -fstack-protector-strong -Wdouble-promotion -Wparentheses -Wformat-overflow -Wunused-macros -Wswitch-enum -O3 -DFLAG_SUPPORTED_fvisibilityhidden    -rdynamic CMakeFiles/cmTC_2e71a.dir/src.c.o  -o cmTC_2e71a 
make[1]: Leaving directory '/home/rabbit/uu/ext/seeta/build/CMakeFiles/CMakeTmp'


Source file was:
int main(void) { return 0; }
